Warning[205] C:\USERS\CATHERIN CORREA\MPLABXPROJECTS\EJERCICIO_LAB2.X\MAIN.ASM 12 : Found directive in column 1. (CBLOCK)
Warning[205] C:\USERS\CATHERIN CORREA\MPLABXPROJECTS\EJERCICIO_LAB2.X\MAIN.ASM 22 : Found directive in column 1. (ENDC)
Warning[207] C:\USERS\CATHERIN CORREA\MPLABXPROJECTS\EJERCICIO_LAB2.X\MAIN.ASM 45 : Found label after column 1. (MENSAJE)
Error[113]   C:\USERS\CATHERIN CORREA\MPLABXPROJECTS\EJERCICIO_LAB2.X\MAIN.ASM 128 : Symbol not previously defined (INI_MINUTOSs)
Warning[205] C:\USERS\CATHERIN CORREA\MPLABXPROJECTS\EJERCICIO_LAB2.X\CONVERSOR.INC 2 : Found directive in column 1. (CBLOCK)
Warning[205] C:\USERS\CATHERIN CORREA\MPLABXPROJECTS\EJERCICIO_LAB2.X\CONVERSOR.INC 9 : Found directive in column 1. (ENDC)
Message[305] C:\USERS\CATHERIN CORREA\MPLABXPROJECTS\EJERCICIO_LAB2.X\CONVERSOR.INC 20 : Using default destination of 1 (file).
Warning[203] C:\USERS\CATHERIN CORREA\MPLABXPROJECTS\EJERCICIO_LAB2.X\CONVERSOR.INC 28 : Found opcode in column 1. (RETURN)
Message[305] C:\USERS\CATHERIN CORREA\MPLABXPROJECTS\EJERCICIO_LAB2.X\CONVERSOR.INC 39 : Using default destination of 1 (file).
Warning[203] C:\USERS\CATHERIN CORREA\MPLABXPROJECTS\EJERCICIO_LAB2.X\CONVERSOR.INC 47 : Found opcode in column 1. (RETURN)
Warning[207] C:\USERS\CATHERIN CORREA\MPLABXPROJECTS\EJERCICIO_LAB2.X\TEMPORIZAR.INC 40 : Found label after column 1. (CONT_NEG)
Message[305] C:\USERS\CATHERIN CORREA\MPLABXPROJECTS\EJERCICIO_LAB2.X\TEMPORIZAR.INC 52 : Using default destination of 1 (file).
Warning[203] C:\USERS\CATHERIN CORREA\MPLABXPROJECTS\EJERCICIO_LAB2.X\TEMPORIZAR.INC 64 : Found opcode in column 1. (RETURN)
Message[302] C:\USERS\CATHERIN CORREA\MPLABXPROJECTS\EJERCICIO_LAB2.X\CONFIGURACION.INC 4 : Register in operand not in bank 0.  Ensure that bank bits are correct.
Message[302] C:\USERS\CATHERIN CORREA\MPLABXPROJECTS\EJERCICIO_LAB2.X\CONFIGURACION.INC 8 : Register in operand not in bank 0.  Ensure that bank bits are correct.
Message[302] C:\USERS\CATHERIN CORREA\MPLABXPROJECTS\EJERCICIO_LAB2.X\CONFIGURACION.INC 9 : Register in operand not in bank 0.  Ensure that bank bits are correct.
Message[302] C:\USERS\CATHERIN CORREA\MPLABXPROJECTS\EJERCICIO_LAB2.X\CONFIGURACION.INC 11 : Register in operand not in bank 0.  Ensure that bank bits are correct.
Message[302] C:\USERS\CATHERIN CORREA\MPLABXPROJECTS\EJERCICIO_LAB2.X\CONFIGURACION.INC 12 : Register in operand not in bank 0.  Ensure that bank bits are correct.
Message[302] C:\USERS\CATHERIN CORREA\MPLABXPROJECTS\EJERCICIO_LAB2.X\CONFIGURACION.INC 14 : Register in operand not in bank 0.  Ensure that bank bits are correct.
Warning[203] C:\USERS\CATHERIN CORREA\MPLABXPROJECTS\EJERCICIO_LAB2.X\CONFIGURACION.INC 20 : Found opcode in column 1. (RETURN)
Warning[203] C:\USERS\CATHERIN CORREA\MPLABXPROJECTS\EJERCICIO_LAB2.X\VISUALIZAR.INC 23 : Found opcode in column 1. (RETURN)
Message[305] C:\USERS\CATHERIN CORREA\MPLABXPROJECTS\EJERCICIO_LAB2.X\DISPLAYS.INC 43 : Using default destination of 1 (file).
Warning[203] C:\USERS\CATHERIN CORREA\MPLABXPROJECTS\EJERCICIO_LAB2.X\DISPLAYS.INC 50 : Found opcode in column 1. (RETURN)
Message[305] C:\USERS\CATHERIN CORREA\MPLABXPROJECTS\EJERCICIO_LAB2.X\INICIALIZAR_REGISTROS.INC 5 : Using default destination of 1 (file).
Warning[203] C:\USERS\CATHERIN CORREA\MPLABXPROJECTS\EJERCICIO_LAB2.X\INICIALIZAR_REGISTROS.INC 10 : Found opcode in column 1. (RETURN)
Warning[205] C:\USERS\CATHERIN CORREA\MPLABXPROJECTS\EJERCICIO_LAB2.X\RETARDO.INC 1 : Found directive in column 1. (CBLOCK)
Warning[205] C:\USERS\CATHERIN CORREA\MPLABXPROJECTS\EJERCICIO_LAB2.X\RETARDO.INC 5 : Found directive in column 1. (ENDC)
Message[305] C:\USERS\CATHERIN CORREA\MPLABXPROJECTS\EJERCICIO_LAB2.X\RETARDO.INC 13 : Using default destination of 1 (file).
Message[305] C:\USERS\CATHERIN CORREA\MPLABXPROJECTS\EJERCICIO_LAB2.X\RETARDO.INC 15 : Using default destination of 1 (file).
Warning[203] C:\USERS\CATHERIN CORREA\MPLABXPROJECTS\EJERCICIO_LAB2.X\RETARDO.INC 17 : Found opcode in column 1. (RETURN)
Message[305] C:\USERS\CATHERIN CORREA\MPLABXPROJECTS\EJERCICIO_LAB2.X\RETARDO.INC 27 : Using default destination of 1 (file).
Message[305] C:\USERS\CATHERIN CORREA\MPLABXPROJECTS\EJERCICIO_LAB2.X\RETARDO.INC 29 : Using default destination of 1 (file).
Message[305] C:\USERS\CATHERIN CORREA\MPLABXPROJECTS\EJERCICIO_LAB2.X\RETARDO.INC 31 : Using default destination of 1 (file).
Warning[203] C:\USERS\CATHERIN CORREA\MPLABXPROJECTS\EJERCICIO_LAB2.X\RETARDO.INC 33 : Found opcode in column 1. (RETURN)
Warning[205] C:\USERS\CATHERIN CORREA\MPLABXPROJECTS\EJERCICIO_LAB2.X\DESPLAZAR.INC 1 : Found directive in column 1. (CBLOCK)
Warning[205] C:\USERS\CATHERIN CORREA\MPLABXPROJECTS\EJERCICIO_LAB2.X\DESPLAZAR.INC 3 : Found directive in column 1. (ENDC)
Warning[203] C:\USERS\CATHERIN CORREA\MPLABXPROJECTS\EJERCICIO_LAB2.X\DESPLAZAR.INC 20 : Found opcode in column 1. (RETURN)
Message[305] C:\USERS\CATHERIN CORREA\MPLABXPROJECTS\EJERCICIO_LAB2.X\DESPLAZAR.INC 25 : Using default destination of 1 (file).
Message[305] C:\USERS\CATHERIN CORREA\MPLABXPROJECTS\EJERCICIO_LAB2.X\DESPLAZAR.INC 27 : Using default destination of 1 (file).
Message[305] C:\USERS\CATHERIN CORREA\MPLABXPROJECTS\EJERCICIO_LAB2.X\DESPLAZAR.INC 29 : Using default destination of 1 (file).
Message[305] C:\USERS\CATHERIN CORREA\MPLABXPROJECTS\EJERCICIO_LAB2.X\DESPLAZAR.INC 30 : Using default destination of 1 (file).
Warning[203] C:\USERS\CATHERIN CORREA\MPLABXPROJECTS\EJERCICIO_LAB2.X\DESPLAZAR.INC 36 : Found opcode in column 1. (RETURN)
Warning[205] C:\USERS\CATHERIN CORREA\MPLABXPROJECTS\EJERCICIO_LAB2.X\TABLA_DEC.INC 1 : Found directive in column 1. (CBLOCK)
Warning[205] C:\USERS\CATHERIN CORREA\MPLABXPROJECTS\EJERCICIO_LAB2.X\TABLA_DEC.INC 3 : Found directive in column 1. (ENDC)
Warning[205] C:\USERS\CATHERIN CORREA\MPLABXPROJECTS\EJERCICIO_LAB2.X\TABLA_DEC.INC 5 : Found directive in column 1. (ORG)
Warning[205] C:\USERS\CATHERIN CORREA\MPLABXPROJECTS\EJERCICIO_LAB2.X\MENSAJES.INC 1 : Found directive in column 1. (CBLOCK)
Warning[205] C:\USERS\CATHERIN CORREA\MPLABXPROJECTS\EJERCICIO_LAB2.X\MENSAJES.INC 3 : Found directive in column 1. (ENDC)
Warning[205] C:\USERS\CATHERIN CORREA\MPLABXPROJECTS\EJERCICIO_LAB2.X\MENSAJES.INC 5 : Found directive in column 1. (ORG)
Warning[203] C:\USERS\CATHERIN CORREA\MPLABXPROJECTS\EJERCICIO_LAB2.X\MENSAJES.INC 26 : Found opcode in column 1. (RETURN)
Warning[205] C:\USERS\CATHERIN CORREA\MPLABXPROJECTS\EJERCICIO_LAB2.X\MENSAJES.INC 28 : Found directive in column 1. (ORG)
Warning[205] C:\USERS\CATHERIN CORREA\MPLABXPROJECTS\EJERCICIO_LAB2.X\MAIN.ASM 149 : Found directive in column 1. (END)
